<?xml version="1.0" encoding="UTF-8"?>
<testsuite name="com.ait.tests.HomePageTests" tests="1" skipped="0" failures="0" errors="0" timestamp="2023-04-13T08:53:39" hostname="MacBook-Pro-von-BerlinJohn.local" time="0.016">
  <properties/>
  <testcase name="openHomePageTest" classname="com.ait.tests.HomePageTests" time="0.016"/>
  <system-out><![CDATA[]]></system-out>
  <system-err><![CDATA[Starting ChromeDriver 112.0.5615.49 (bd2a7bcb881c11e8cfe3078709382934e3916914-refs/branch-heads/5615@{#936}) on port 14888
Only local connections are allowed.
Please see https://chromedriver.chromium.org/security-considerations for suggestions on keeping ChromeDriver safe.
ChromeDriver was started successfully.
Apr 13, 2023 10:53:38 AM org.openqa.selenium.devtools.CdpVersionFinder findNearestMatch
WARNING: Unable to find an exact match for CDP version 112, so returning the closest version found: 110
]]></system-err>
</testsuite>
